{"/home/gabriel/Documentos/react/desafios/form-pacote-de-stickers/src/components/Checkbox/index.tsx": {"path":"/home/gabriel/Documentos/react/desafios/form-pacote-de-stickers/src/components/Checkbox/index.tsx","all":false,"statementMap":{"0":{"start":{"line":1,"column":0},"end":{"line":1,"column":29}}},"s":{"0":1},"branchMap":{"0":{"type":"branch","line":1,"loc":{"start":{"line":1,"column":16},"end":{"line":1,"column":27}},"locations":[{"start":{"line":1,"column":16},"end":{"line":1,"column":27}}]},"1":{"type":"branch","line":1,"loc":{"start":{"line":1,"column":7},"end":{"line":1,"column":29}},"locations":[{"start":{"line":1,"column":7},"end":{"line":1,"column":29}}]}},"b":{"0":[1],"1":[1]},"fnMap":{"0":{"name":"get","decl":{"start":{"line":1,"column":16},"end":{"line":1,"column":27}},"loc":{"start":{"line":1,"column":16},"end":{"line":1,"column":27}},"line":1},"1":{"name":"Checkbox","decl":{"start":{"line":1,"column":7},"end":{"line":1,"column":29}},"loc":{"start":{"line":1,"column":7},"end":{"line":1,"column":29}},"line":1}},"f":{"0":1,"1":1}}
}
