TN:
SF:src/components/AmountStickers/index.tsx
FN:3,get
FN:3,AmountStickers
FNF:2
FNH:2
FNDA:1,get
FNDA:1,AmountStickers
DA:1,1
DA:2,1
DA:3,1
DA:4,1
DA:5,1
DA:6,1
DA:7,1
DA:8,1
DA:9,1
DA:10,1
DA:11,1
DA:12,1
DA:13,1
DA:14,1
DA:15,1
DA:16,1
LF:16
LH:16
BRDA:3,0,0,1
BRDA:3,1,0,1
BRF:2
BRH:2
end_of_record
TN:
SF:src/components/AmountStickers/styles.ts
FN:3,get
FNF:1
FNH:1
FNDA:1,get
DA:1,1
DA:2,1
DA:3,1
LF:3
LH:3
BRDA:3,0,0,1
BRF:1
BRH:1
end_of_record
TN:
SF:src/components/Checkboxes/index.tsx
FN:9,get
FN:9,Checkboxes
FN:10,handleChecked
FN:22,onChange
FN:35,onChange
FN:47,onChange
FNF:6
FNH:2
FNDA:1,get
FNDA:1,Checkboxes
FNDA:0,handleChecked
FNDA:0,onChange
FNDA:0,onChange
FNDA:0,onChange
DA:1,1
DA:2,1
DA:3,1
DA:4,1
DA:5,1
DA:6,1
DA:7,1
DA:8,1
DA:9,1
DA:10,1
DA:11,0
DA:12,0
DA:13,1
DA:14,1
DA:15,1
DA:16,1
DA:17,1
DA:18,1
DA:19,1
DA:20,1
DA:21,1
DA:22,1
DA:23,1
DA:24,1
DA:25,1
DA:26,1
DA:27,1
DA:28,1
DA:29,1
DA:30,1
DA:31,1
DA:32,1
DA:33,1
DA:34,1
DA:35,1
DA:36,1
DA:37,1
DA:38,1
DA:39,1
DA:40,1
DA:41,1
DA:42,1
DA:43,1
DA:44,1
DA:45,1
DA:46,1
DA:47,1
DA:48,1
DA:49,1
DA:50,1
DA:51,1
DA:52,1
DA:53,1
DA:54,1
DA:55,1
DA:56,1
DA:57,1
LF:57
LH:55
BRDA:9,0,0,1
BRDA:9,1,0,1
BRF:2
BRH:2
end_of_record
TN:
SF:src/components/Checkboxes/styles.ts
FN:3,get
FN:10,Object.<anonymous>._styledComponents.default.fieldset.theme.theme
FN:27,Object.<anonymous>._styledComponents.default.fieldset.theme.theme
FN:37,Object.<anonymous>._styledComponents.default.fieldset.theme.theme
FN:51,Object.<anonymous>._styledComponents.default.fieldset.theme.theme
FN:52,Object.<anonymous>._styledComponents.default.fieldset.theme.theme
FNF:6
FNH:6
FNDA:1,get
FNDA:1,Object.<anonymous>._styledComponents.default.fieldset.theme.theme
FNDA:1,Object.<anonymous>._styledComponents.default.fieldset.theme.theme
FNDA:1,Object.<anonymous>._styledComponents.default.fieldset.theme.theme
FNDA:1,Object.<anonymous>._styledComponents.default.fieldset.theme.theme
FNDA:1,Object.<anonymous>._styledComponents.default.fieldset.theme.theme
DA:1,1
DA:2,1
DA:3,1
DA:4,1
DA:5,1
DA:6,1
DA:7,1
DA:8,1
DA:9,1
DA:10,1
DA:11,1
DA:12,1
DA:13,1
DA:14,1
DA:15,1
DA:16,1
DA:17,1
DA:18,1
DA:19,1
DA:20,1
DA:21,1
DA:22,1
DA:23,1
DA:24,1
DA:25,1
DA:26,1
DA:27,1
DA:28,1
DA:29,1
DA:30,1
DA:31,1
DA:32,1
DA:33,1
DA:34,1
DA:35,1
DA:36,1
DA:37,1
DA:38,1
DA:39,1
DA:40,1
DA:41,1
DA:42,1
DA:43,1
DA:44,1
DA:45,1
DA:46,1
DA:47,1
DA:48,1
DA:49,1
DA:50,1
DA:51,1
DA:52,1
DA:53,1
DA:54,1
DA:55,1
DA:56,1
DA:57,1
DA:58,1
DA:59,1
DA:60,1
DA:61,1
DA:62,1
DA:63,1
LF:63
LH:63
BRDA:3,0,0,1
BRDA:10,1,0,1
BRDA:27,2,0,1
BRDA:37,3,0,1
BRDA:51,4,0,1
BRDA:52,5,0,1
BRDA:56,6,0,1
BRF:7
BRH:7
end_of_record
