TN:
SF:src/components/AmountStickers/index.tsx
FN:4,get
FN:4,AmountStickers
FN:6,handleValueFromInput
FN:11,handleAddOneMoreSticker
FN:18,handleSubOneSticker
FN:37,onChange
FNF:6
FNH:6
FNDA:5,get
FNDA:9,AmountStickers
FNDA:2,handleValueFromInput
FNDA:1,handleAddOneMoreSticker
FNDA:2,handleSubOneSticker
FNDA:2,onChange
DA:1,1
DA:2,1
DA:3,1
DA:4,1
DA:5,9
DA:6,9
DA:7,2
DA:8,2
DA:9,2
DA:10,2
DA:11,9
DA:12,1
DA:13,1
DA:14,1
DA:15,1
DA:16,1
DA:17,9
DA:18,9
DA:19,2
DA:20,2
DA:21,1
DA:22,1
DA:23,1
DA:24,1
DA:25,2
DA:26,9
DA:27,9
DA:28,9
DA:29,9
DA:30,9
DA:31,9
DA:32,9
DA:33,9
DA:34,9
DA:35,9
DA:36,9
DA:37,9
DA:38,9
DA:39,9
DA:40,9
DA:41,9
DA:42,9
DA:43,9
DA:44,9
LF:44
LH:44
BRDA:4,0,0,5
BRDA:4,1,0,9
BRDA:6,2,0,2
BRDA:11,3,0,1
BRDA:13,4,0,1
BRDA:18,5,0,2
BRDA:20,6,0,1
BRDA:21,7,0,1
BRDA:37,8,0,2
BRF:9
BRH:9
end_of_record
TN:
SF:src/components/AmountStickers/styles.ts
FN:4,get
FN:11,Object.<anonymous>.AmountStickersContainer.theme.theme
FN:22,Object.<anonymous>.AmountStickersContainer.theme.theme
FN:29,Object.<anonymous>.AmountStickersContainer.theme.theme
FN:37,Object.<anonymous>.AmountStickersContainer.theme.theme
FN:49,Object.<anonymous>.AmountStickersContainer.theme.theme
FN:61,Object.<anonymous>.AmountStickersContainer.theme.theme
FN:66,Object.<anonymous>.AmountStickersContainer.theme.theme
FNF:8
FNH:8
FNDA:9,get
FNDA:9,Object.<anonymous>.AmountStickersContainer.theme.theme
FNDA:9,Object.<anonymous>.AmountStickersContainer.theme.theme
FNDA:9,Object.<anonymous>.AmountStickersContainer.theme.theme
FNDA:9,Object.<anonymous>.AmountStickersContainer.theme.theme
FNDA:9,Object.<anonymous>.AmountStickersContainer.theme.theme
FNDA:9,Object.<anonymous>.AmountStickersContainer.theme.theme
FNDA:9,Object.<anonymous>.AmountStickersContainer.theme.theme
DA:1,1
DA:2,1
DA:3,1
DA:4,1
DA:5,1
DA:6,1
DA:7,1
DA:8,1
DA:9,1
DA:10,1
DA:11,1
DA:12,1
DA:13,1
DA:14,1
DA:15,1
DA:16,1
DA:17,1
DA:18,1
DA:19,1
DA:20,1
DA:21,1
DA:22,1
DA:23,1
DA:24,1
DA:25,1
DA:26,1
DA:27,1
DA:28,1
DA:29,1
DA:30,1
DA:31,1
DA:32,1
DA:33,1
DA:34,1
DA:35,1
DA:36,1
DA:37,1
DA:38,1
DA:39,1
DA:40,1
DA:41,1
DA:42,1
DA:43,1
DA:44,1
DA:45,1
DA:46,1
DA:47,1
DA:48,1
DA:49,1
DA:50,1
DA:51,1
DA:52,1
DA:53,1
DA:54,1
DA:55,1
DA:56,1
DA:57,1
DA:58,1
DA:59,1
DA:60,1
DA:61,1
DA:62,1
DA:63,1
DA:64,1
DA:65,1
DA:66,1
DA:67,1
DA:68,1
DA:69,1
DA:70,1
DA:71,1
DA:72,1
DA:73,1
DA:74,1
DA:75,1
DA:76,1
DA:77,1
LF:77
LH:77
BRDA:4,0,0,9
BRDA:11,1,0,9
BRDA:22,2,0,9
BRDA:29,3,0,9
BRDA:37,4,0,9
BRDA:49,5,0,9
BRDA:61,6,0,9
BRDA:66,7,0,9
BRDA:67,8,0,9
BRF:9
BRH:9
end_of_record
TN:
SF:src/components/Checkboxes/index.tsx
FN:9,get
FN:9,Checkboxes
FN:10,handleChecked
FN:22,onChange
FN:35,onChange
FN:47,onChange
FNF:6
FNH:2
FNDA:1,get
FNDA:1,Checkboxes
FNDA:0,handleChecked
FNDA:0,onChange
FNDA:0,onChange
FNDA:0,onChange
DA:1,1
DA:2,1
DA:3,1
DA:4,1
DA:5,1
DA:6,1
DA:7,1
DA:8,1
DA:9,1
DA:10,1
DA:11,0
DA:12,0
DA:13,1
DA:14,1
DA:15,1
DA:16,1
DA:17,1
DA:18,1
DA:19,1
DA:20,1
DA:21,1
DA:22,1
DA:23,1
DA:24,1
DA:25,1
DA:26,1
DA:27,1
DA:28,1
DA:29,1
DA:30,1
DA:31,1
DA:32,1
DA:33,1
DA:34,1
DA:35,1
DA:36,1
DA:37,1
DA:38,1
DA:39,1
DA:40,1
DA:41,1
DA:42,1
DA:43,1
DA:44,1
DA:45,1
DA:46,1
DA:47,1
DA:48,1
DA:49,1
DA:50,1
DA:51,1
DA:52,1
DA:53,1
DA:54,1
DA:55,1
DA:56,1
DA:57,1
LF:57
LH:55
BRDA:9,0,0,1
BRDA:9,1,0,1
BRF:2
BRH:2
end_of_record
TN:
SF:src/components/Checkboxes/styles.ts
FN:4,get
FN:17,Object.<anonymous>.CheckboxesContaier.theme.theme
FN:27,Object.<anonymous>.CheckboxesContaier.theme.theme
FN:41,Object.<anonymous>.CheckboxesContaier.theme.theme
FN:42,Object.<anonymous>.CheckboxesContaier.theme.theme
FNF:5
FNH:5
FNDA:1,get
FNDA:1,Object.<anonymous>.CheckboxesContaier.theme.theme
FNDA:1,Object.<anonymous>.CheckboxesContaier.theme.theme
FNDA:1,Object.<anonymous>.CheckboxesContaier.theme.theme
FNDA:1,Object.<anonymous>.CheckboxesContaier.theme.theme
DA:1,1
DA:2,1
DA:3,1
DA:4,1
DA:5,1
DA:6,1
DA:7,1
DA:8,1
DA:9,1
DA:10,1
DA:11,1
DA:12,1
DA:13,1
DA:14,1
DA:15,1
DA:16,1
DA:17,1
DA:18,1
DA:19,1
DA:20,1
DA:21,1
DA:22,1
DA:23,1
DA:24,1
DA:25,1
DA:26,1
DA:27,1
DA:28,1
DA:29,1
DA:30,1
DA:31,1
DA:32,1
DA:33,1
DA:34,1
DA:35,1
DA:36,1
DA:37,1
DA:38,1
DA:39,1
DA:40,1
DA:41,1
DA:42,1
DA:43,1
DA:44,1
DA:45,1
DA:46,1
DA:47,1
DA:48,1
DA:49,1
DA:50,1
DA:51,1
DA:52,1
DA:53,1
LF:53
LH:53
BRDA:4,0,0,1
BRDA:17,1,0,1
BRDA:27,2,0,1
BRDA:41,3,0,1
BRDA:42,4,0,1
BRDA:46,5,0,1
BRF:6
BRH:6
end_of_record
TN:
SF:src/styles/commonStyles.ts
FN:3,get
FNF:1
FNH:1
FNDA:2,get
DA:1,1
DA:2,1
DA:3,1
DA:4,1
DA:5,1
DA:6,1
DA:7,1
DA:8,1
DA:9,1
DA:10,1
DA:11,1
DA:12,1
DA:13,1
DA:14,1
LF:14
LH:14
BRDA:3,0,0,2
BRDA:10,1,0,10
BRF:2
BRH:2
end_of_record
